[Modules] Modules initializing
[Modules] Distribution: remote
[Modules] Host updates: enabled
[Modules] Module updates: enabled
[Modules] Module install path: /home/deadops/.config/discord/0.0.9/modules
[Modules] Module installed file path: /home/deadops/.config/discord/0.0.9/modules/installed.json
[Modules] Module download path: /home/deadops/.config/discord/0.0.9/modules/pending
[Modules] Bootstrapping...
[Modules] Installing discord_desktop_core@0 from /opt/discord/resources/bootstrap/discord_desktop_core.zip
[Modules] Failed installing discord_desktop_core@0: Error: ENOENT: no such file or directory, open '/opt/discord/resources/bootstrap/discord_desktop_core.zip'
[Modules] Installing discord_erlpack@0 from /opt/discord/resources/bootstrap/discord_erlpack.zip
[Modules] Failed installing discord_erlpack@0: Error: ENOENT: no such file or directory, open '/opt/discord/resources/bootstrap/discord_erlpack.zip'
[Modules] Installing discord_spellcheck@0 from /opt/discord/resources/bootstrap/discord_spellcheck.zip
[Modules] Failed installing discord_spellcheck@0: Error: ENOENT: no such file or directory, open '/opt/discord/resources/bootstrap/discord_spellcheck.zip'
[Modules] Installing discord_utils@0 from /opt/discord/resources/bootstrap/discord_utils.zip
[Modules] Failed installing discord_utils@0: Error: ENOENT: no such file or directory, open '/opt/discord/resources/bootstrap/discord_utils.zip'
[Modules] Installing discord_voice@0 from /opt/discord/resources/bootstrap/discord_voice.zip
[Modules] Failed installing discord_voice@0: Error: ENOENT: no such file or directory, open '/opt/discord/resources/bootstrap/discord_voice.zip'
[Modules] Finished module installations. [success: 0] [failure: 5]
[Modules] Checking for host updates.
[Modules] Host is up to date.
[Modules] Checking for module updates at https://discordapp.com/api/modules/stable/versions.json
[Modules] Module update available: discord_desktop_core@2 [installed: 0]
[Modules] Module update available: discord_erlpack@1 [installed: 0]
[Modules] Module update available: discord_spellcheck@1 [installed: 0]
[Modules] Module update available: discord_utils@1 [installed: 0]
[Modules] Module update available: discord_voice@1 [installed: 0]
[Modules] Fetching discord_desktop_core@2 from https://discordapp.com/api/modules/stable/discord_desktop_core/2
[Modules] Streaming discord_desktop_core@2 [1513639 bytes] to /home/deadops/.config/discord/0.0.9/modules/pending/discord_desktop_core-2.zip
[Modules] Fetching discord_erlpack@1 from https://discordapp.com/api/modules/stable/discord_erlpack/1
[Modules] Streaming discord_erlpack@1 [1534631 bytes] to /home/deadops/.config/discord/0.0.9/modules/pending/discord_erlpack-1.zip
[Modules] Fetching discord_spellcheck@1 from https://discordapp.com/api/modules/stable/discord_spellcheck/1
[Modules] Streaming discord_spellcheck@1 [10201313 bytes] to /home/deadops/.config/discord/0.0.9/modules/pending/discord_spellcheck-1.zip
[Modules] Fetching discord_utils@1 from https://discordapp.com/api/modules/stable/discord_utils/1
[Modules] Streaming discord_utils@1 [2615975 bytes] to /home/deadops/.config/discord/0.0.9/modules/pending/discord_utils-1.zip
[Modules] Streaming discord_spellcheck@1 [10201313 bytes] to /home/deadops/.config/discord/0.0.9/modules/pending/discord_spellcheck-1.zip
